<?xml version="1.0" encoding="UTF-8"?>
<!-- Generated by org.testng.reporters.JUnitXMLReporter -->
<testsuite hostname="admin-PC" ignored="0" name="Test" tests="9" failures="2" timestamp="03 Aug 2021 17:40:47 GMT" time="0.06" errors="0">
  <testcase name="tc1" time="0.01" classname="org.rerun.Example">
    <skipped/>
  </testcase> <!-- tc1 -->
  <testcase name="tc1" time="0.001" classname="org.rerun.Example">
    <skipped/>
  </testcase> <!-- tc1 -->
  <testcase name="tc1" time="0.001" classname="org.rerun.Example">
    <skipped/>
  </testcase> <!-- tc1 -->
  <testcase name="tc1" time="0.001" classname="org.rerun.Example">
    <failure type="java.lang.AssertionError" message="Checking Tc1 expected [true] but found [false]">
      <![CDATA[java.lang.AssertionError: Checking Tc1 expected [true] but found [false]
at org.rerun.Example.tc1(Example.java:11)
... Removed 28 stack frames]]>
    </failure>
  </testcase> <!-- tc1 -->
  <testcase name="tc2" time="0.001" classname="org.rerun.Example"/>
  <testcase name="tc3" time="0.001" classname="org.rerun.Example">
    <skipped/>
  </testcase> <!-- tc3 -->
  <testcase name="tc3" time="0.0" classname="org.rerun.Example">
    <skipped/>
  </testcase> <!-- tc3 -->
  <testcase name="tc3" time="0.001" classname="org.rerun.Example">
    <skipped/>
  </testcase> <!-- tc3 -->
  <testcase name="tc3" time="0.001" classname="org.rerun.Example">
    <failure type="java.lang.AssertionError" message="expected [true] but found [false]">
      <![CDATA[java.lang.AssertionError: expected [true] but found [false]
at org.rerun.Example.tc3(Example.java:18)
... Removed 29 stack frames]]>
    </failure>
  </testcase> <!-- tc3 -->
</testsuite> <!-- Test -->
